Info: Starting: Create block symbol file (.bsf)
Info: ip-generate --project-directory=D:/School/CapstoneECE492/git/GestureGloveCapstone/DE2Component_restored/ --output-directory=D:/School/CapstoneECE492/git/GestureGloveCapstone/DE2Component_restored/niosII_system/ --report-file=bsf:D:/School/CapstoneECE492/git/GestureGloveCapstone/DE2Component_restored/niosII_system.bsf --system-info=DEVICE_FAMILY="Cyclone II" --system-info=DEVICE=EP2C35F672C6 --system-info=DEVICE_SPEEDGRADE=6 --component-file=D:/School/CapstoneECE492/git/GestureGloveCapstone/DE2Component_restored/niosII_system.qsys
Progress: Loading DE2Component_restored/niosII_system.qsys
Progress: Reading input file
Progress: Adding clk_0 [clock_source 13.0]
Progress: Parameterizing module clk_0
Progress: Adding nios2_qsys_0 [altera_nios2_qsys 13.0]
Progress: Parameterizing module nios2_qsys_0
Progress: Adding onchip_memory2_0 [altera_avalon_onchip_memory2 13.0.1.99.2]
Progress: Parameterizing module onchip_memory2_0
Progress: Adding sysid_qsys_0 [altera_avalon_sysid_qsys 13.0]
Progress: Parameterizing module sysid_qsys_0
Progress: Adding jtag_uart_0 [altera_avalon_jtag_uart 13.0.1.99.2]
Progress: Parameterizing module jtag_uart_0
Progress: Adding green_leds [altera_avalon_pio 13.0.1.99.2]
Progress: Parameterizing module green_leds
Progress: Adding switches [altera_avalon_pio 13.0.1.99.2]
Progress: Parameterizing module switches
Progress: Adding altpll_0 [altpll 13.0]
Progress: Parameterizing module altpll_0
Progress: Adding sdram_0 [altera_avalon_new_sdram_controller 13.0.1.99.2]
Progress: Parameterizing module sdram_0
Progress: Adding sram_0 [altera_up_avalon_sram 13.0]
Progress: Parameterizing module sram_0
Progress: Adding timer_0 [altera_avalon_timer 13.0.1.99.2]
Progress: Parameterizing module timer_0
Progress: Adding usb_0 [altera_up_avalon_usb 13.0]
Progress: Parameterizing module usb_0
Progress: Building connections
Progress: Parameterizing connections
Progress: Validating
Progress: Done reading input file
Info: niosII_system.sysid_qsys_0: System ID is not assigned automatically. Edit the System ID parameter to provide a unique ID
Info: niosII_system.sysid_qsys_0: Time stamp will be automatically updated when this component is generated.
Info: niosII_system.switches: PIO inputs are not hardwired in test bench. Undefined values will be read from PIO inputs during simulation.
Warning: niosII_system.altpll_0: altpll_0.areset_conduit must be exported, or connected to a matching conduit.
Warning: niosII_system.altpll_0: altpll_0.locked_conduit must be exported, or connected to a matching conduit.
Warning: niosII_system.altpll_0: altpll_0.phasedone_conduit must be exported, or connected to a matching conduit.
Info: ip-generate succeeded.
Info: Finished: Create block symbol file (.bsf)
Info: 
Info: Starting: Create HDL design files for synthesis
Info: ip-generate --project-directory=D:/School/CapstoneECE492/git/GestureGloveCapstone/DE2Component_restored/ --output-directory=D:/School/CapstoneECE492/git/GestureGloveCapstone/DE2Component_restored/niosII_system/synthesis/ --file-set=QUARTUS_SYNTH --report-file=sopcinfo:D:/School/CapstoneECE492/git/GestureGloveCapstone/DE2Component_restored/niosII_system.sopcinfo --report-file=html:D:/School/CapstoneECE492/git/GestureGloveCapstone/DE2Component_restored/niosII_system.html --report-file=qip:D:/School/CapstoneECE492/git/GestureGloveCapstone/DE2Component_restored/niosII_system/synthesis/niosII_system.qip --report-file=cmp:D:/School/CapstoneECE492/git/GestureGloveCapstone/DE2Component_restored/niosII_system.cmp --report-file=svd --system-info=DEVICE_FAMILY="Cyclone II" --system-info=DEVICE=EP2C35F672C6 --system-info=DEVICE_SPEEDGRADE=6 --component-file=D:/School/CapstoneECE492/git/GestureGloveCapstone/DE2Component_restored/niosII_system.qsys --language=VHDL
Progress: Loading DE2Component_restored/niosII_system.qsys
Progress: Reading input file
Progress: Adding clk_0 [clock_source 13.0]
Progress: Parameterizing module clk_0
Progress: Adding nios2_qsys_0 [altera_nios2_qsys 13.0]
Progress: Parameterizing module nios2_qsys_0
Progress: Adding onchip_memory2_0 [altera_avalon_onchip_memory2 13.0.1.99.2]
Progress: Parameterizing module onchip_memory2_0
Progress: Adding sysid_qsys_0 [altera_avalon_sysid_qsys 13.0]
Progress: Parameterizing module sysid_qsys_0
Progress: Adding jtag_uart_0 [altera_avalon_jtag_uart 13.0.1.99.2]
Progress: Parameterizing module jtag_uart_0
Progress: Adding green_leds [altera_avalon_pio 13.0.1.99.2]
Progress: Parameterizing module green_leds
Progress: Adding switches [altera_avalon_pio 13.0.1.99.2]
Progress: Parameterizing module switches
Progress: Adding altpll_0 [altpll 13.0]
Progress: Parameterizing module altpll_0
Progress: Adding sdram_0 [altera_avalon_new_sdram_controller 13.0.1.99.2]
Progress: Parameterizing module sdram_0
Progress: Adding sram_0 [altera_up_avalon_sram 13.0]
Progress: Parameterizing module sram_0
Progress: Adding timer_0 [altera_avalon_timer 13.0.1.99.2]
Progress: Parameterizing module timer_0
Progress: Adding usb_0 [altera_up_avalon_usb 13.0]
Progress: Parameterizing module usb_0
Progress: Building connections
Progress: Parameterizing connections
Progress: Validating
Progress: Done reading input file
Info: niosII_system.sysid_qsys_0: System ID is not assigned automatically. Edit the System ID parameter to provide a unique ID
Info: niosII_system.sysid_qsys_0: Time stamp will be automatically updated when this component is generated.
Info: niosII_system.switches: PIO inputs are not hardwired in test bench. Undefined values will be read from PIO inputs during simulation.
Warning: niosII_system.altpll_0: altpll_0.areset_conduit must be exported, or connected to a matching conduit.
Warning: niosII_system.altpll_0: altpll_0.locked_conduit must be exported, or connected to a matching conduit.
Warning: niosII_system.altpll_0: altpll_0.phasedone_conduit must be exported, or connected to a matching conduit.
Info: niosII_system: Generating niosII_system "niosII_system" for QUARTUS_SYNTH
Info: pipeline_bridge_swap_transform: After transform: 12 modules, 51 connections
Info: No custom instruction connections, skipping transform 
Info: merlin_translator_transform: After transform: 25 modules, 103 connections
Info: merlin_domain_transform: After transform: 53 modules, 283 connections
Info: merlin_router_transform: After transform: 66 modules, 335 connections
Info: merlin_traffic_limiter_transform: After transform: 68 modules, 345 connections
Info: merlin_burst_transform: After transform: 70 modules, 353 connections
Info: reset_adaptation_transform: After transform: 72 modules, 278 connections
Info: merlin_network_to_switch_transform: After transform: 97 modules, 334 connections
Info: merlin_width_transform: After transform: 101 modules, 346 connections
Info: Inserting clock-crossing logic between cmd_xbar_demux_001.src8 and cmd_xbar_mux_008.sink0
Info: Inserting clock-crossing logic between rsp_xbar_demux_008.src0 and rsp_xbar_mux_001.sink8
Info: com_altera_sopcmodel_transforms_avalon_ClockCrossingTransform: After transform: 103 modules, 356 connections
Info: limiter_update_transform: After transform: 103 modules, 358 connections
Info: merlin_mm_transform: After transform: 103 modules, 358 connections
Info: merlin_interrupt_mapper_transform: After transform: 104 modules, 361 connections
Warning: niosII_system: "No matching role found for rst_controller:reset_out:reset_req (reset_req)"
Warning: niosII_system: "No matching role found for rst_controller:reset_out:reset_req (reset_req)"
Warning: niosII_system: "No matching role found for rst_controller:reset_out:reset_req (reset_req)"
Warning: niosII_system: "No matching role found for rst_controller:reset_out:reset_req (reset_req)"
Warning: niosII_system: "No matching role found for rst_controller:reset_out:reset_req (reset_req)"
Warning: niosII_system: "No matching role found for rst_controller:reset_out:reset_req (reset_req)"
Warning: niosII_system: "No matching role found for rst_controller:reset_out:reset_req (reset_req)"
Warning: niosII_system: "No matching role found for rst_controller:reset_out:reset_req (reset_req)"
Warning: niosII_system: "No matching role found for rst_controller:reset_out:reset_req (reset_req)"
Warning: niosII_system: "No matching role found for rst_controller:reset_out:reset_req (reset_req)"
Warning: niosII_system: "No matching role found for rst_controller:reset_out:reset_req (reset_req)"
Warning: niosII_system: "No matching role found for rst_controller:reset_out:reset_req (reset_req)"
Warning: niosII_system: "No matching role found for rst_controller:reset_out:reset_req (reset_req)"
Warning: niosII_system: "No matching role found for rst_controller:reset_out:reset_req (reset_req)"
Warning: niosII_system: "No matching role found for rst_controller:reset_out:reset_req (reset_req)"
Warning: niosII_system: "No matching role found for rst_controller:reset_out:reset_req (reset_req)"
Warning: niosII_system: "No matching role found for rst_controller:reset_out:reset_req (reset_req)"
Warning: niosII_system: "No matching role found for rst_controller:reset_out:reset_req (reset_req)"
Warning: niosII_system: "No matching role found for rst_controller:reset_out:reset_req (reset_req)"
Warning: niosII_system: "No matching role found for rst_controller:reset_out:reset_req (reset_req)"
Warning: niosII_system: "No matching role found for rst_controller:reset_out:reset_req (reset_req)"
Warning: niosII_system: "No matching role found for rst_controller:reset_out:reset_req (reset_req)"
Warning: niosII_system: "No matching role found for rst_controller:reset_out:reset_req (reset_req)"
Warning: niosII_system: "No matching role found for rst_controller:reset_out:reset_req (reset_req)"
Warning: niosII_system: "No matching role found for rst_controller:reset_out:reset_req (reset_req)"
Warning: niosII_system: "No matching role found for rst_controller:reset_out:reset_req (reset_req)"
Warning: niosII_system: "No matching role found for rst_controller:reset_out:reset_req (reset_req)"
Warning: niosII_system: "No matching role found for rst_controller:reset_out:reset_req (reset_req)"
Warning: niosII_system: "No matching role found for rst_controller:reset_out:reset_req (reset_req)"
Warning: niosII_system: "No matching role found for rst_controller:reset_out:reset_req (reset_req)"
Warning: niosII_system: "No matching role found for rst_controller:reset_out:reset_req (reset_req)"
Warning: niosII_system: "No matching role found for rst_controller:reset_out:reset_req (reset_req)"
Warning: niosII_system: "No matching role found for rst_controller:reset_out:reset_req (reset_req)"
Warning: niosII_system: "No matching role found for rst_controller:reset_out:reset_req (reset_req)"
Warning: niosII_system: "No matching role found for rst_controller:reset_out:reset_req (reset_req)"
Warning: niosII_system: "No matching role found for rst_controller:reset_out:reset_req (reset_req)"
Warning: niosII_system: "No matching role found for rst_controller:reset_out:reset_req (reset_req)"
Warning: niosII_system: "No matching role found for rst_controller:reset_out:reset_req (reset_req)"
Warning: niosII_system: "No matching role found for rst_controller:reset_out:reset_req (reset_req)"
Warning: niosII_system: "No matching role found for rst_controller:reset_out:reset_req (reset_req)"
Warning: niosII_system: "No matching role found for rst_controller:reset_out:reset_req (reset_req)"
Warning: niosII_system: "No matching role found for rst_controller:reset_out:reset_req (reset_req)"
Warning: niosII_system: "No matching role found for rst_controller:reset_out:reset_req (reset_req)"
Warning: niosII_system: "No matching role found for rst_controller:reset_out:reset_req (reset_req)"
Warning: niosII_system: "No matching role found for rst_controller:reset_out:reset_req (reset_req)"
Warning: niosII_system: "No matching role found for rst_controller:reset_out:reset_req (reset_req)"
Warning: niosII_system: "No matching role found for rst_controller:reset_out:reset_req (reset_req)"
Warning: niosII_system: "No matching role found for rst_controller:reset_out:reset_req (reset_req)"
Warning: niosII_system: "No matching role found for rst_controller:reset_out:reset_req (reset_req)"
Warning: niosII_system: "No matching role found for rst_controller:reset_out:reset_req (reset_req)"
Warning: niosII_system: "No matching role found for rst_controller:reset_out:reset_req (reset_req)"
Warning: niosII_system: "No matching role found for rst_controller:reset_out:reset_req (reset_req)"
Warning: niosII_system: "No matching role found for rst_controller:reset_out:reset_req (reset_req)"
Warning: niosII_system: "No matching role found for rst_controller:reset_out:reset_req (reset_req)"
Warning: niosII_system: "No matching role found for rst_controller:reset_out:reset_req (reset_req)"
Warning: niosII_system: "No matching role found for rst_controller:reset_out:reset_req (reset_req)"
Warning: niosII_system: "No matching role found for rst_controller:reset_out:reset_req (reset_req)"
Warning: niosII_system: "No matching role found for rst_controller:reset_out:reset_req (reset_req)"
Warning: niosII_system: "No matching role found for rst_controller:reset_out:reset_req (reset_req)"
Warning: niosII_system: "No matching role found for rst_controller:reset_out:reset_req (reset_req)"
Warning: niosII_system: "No matching role found for rst_controller:reset_out:reset_req (reset_req)"
Warning: niosII_system: "No matching role found for rst_controller:reset_out:reset_req (reset_req)"
Warning: niosII_system: "No matching role found for rst_controller:reset_out:reset_req (reset_req)"
Warning: niosII_system: "No matching role found for rst_controller:reset_out:reset_req (reset_req)"
Warning: niosII_system: "No matching role found for rst_controller:reset_out:reset_req (reset_req)"
Warning: niosII_system: "No matching role found for rst_controller:reset_out:reset_req (reset_req)"
Warning: niosII_system: "No matching role found for rst_controller:reset_out:reset_req (reset_req)"
Warning: niosII_system: "No matching role found for rst_controller:reset_out:reset_req (reset_req)"
Warning: niosII_system: "No matching role found for rst_controller:reset_out:reset_req (reset_req)"
Warning: niosII_system: "No matching role found for rst_controller:reset_out:reset_req (reset_req)"
Warning: niosII_system: "No matching role found for rst_controller:reset_out:reset_req (reset_req)"
Warning: niosII_system: "No matching role found for rst_controller:reset_out:reset_req (reset_req)"
Warning: niosII_system: "No matching role found for rst_controller:reset_out:reset_req (reset_req)"
Warning: niosII_system: "No matching role found for rst_controller:reset_out:reset_req (reset_req)"
Warning: niosII_system: "No matching role found for rst_controller:reset_out:reset_req (reset_req)"
Warning: niosII_system: "No matching role found for rst_controller:reset_out:reset_req (reset_req)"
Warning: niosII_system: "No matching role found for rst_controller:reset_out:reset_req (reset_req)"
Warning: niosII_system: "No matching role found for rst_controller:reset_out:reset_req (reset_req)"
Warning: niosII_system: "No matching role found for rst_controller:reset_out:reset_req (reset_req)"
Warning: niosII_system: "No matching role found for rst_controller:reset_out:reset_req (reset_req)"
Warning: niosII_system: "No matching role found for rst_controller:reset_out:reset_req (reset_req)"
Warning: niosII_system: "No matching role found for rst_controller:reset_out:reset_req (reset_req)"
Warning: niosII_system: "No matching role found for rst_controller:reset_out:reset_req (reset_req)"
Warning: niosII_system: "No matching role found for rst_controller:reset_out:reset_req (reset_req)"
Warning: niosII_system: "No matching role found for rst_controller:reset_out:reset_req (reset_req)"
Warning: niosII_system: "No matching role found for rst_controller:reset_out:reset_req (reset_req)"
Warning: niosII_system: "No matching role found for rst_controller:reset_out:reset_req (reset_req)"
Warning: niosII_system: "No matching role found for rst_controller:reset_out:reset_req (reset_req)"
Warning: niosII_system: "No matching role found for rst_controller:reset_out:reset_req (reset_req)"
Warning: niosII_system: "No matching role found for rst_controller:reset_out:reset_req (reset_req)"
Warning: niosII_system: "No matching role found for rst_controller:reset_out:reset_req (reset_req)"
Warning: niosII_system: "No matching role found for rst_controller:reset_out:reset_req (reset_req)"
Info: nios2_qsys_0: Starting RTL generation for module 'niosII_system_nios2_qsys_0'
Info: nios2_qsys_0:   Generation command is [exec C:/altera/13.0sp1/quartus/../ip/altera/nios2_ip/altera_nios2/eperl.exe -I C:/altera/13.0sp1/quartus/common/ip/altera/common/perl/5.8.3 -I C:/altera/13.0sp1/quartus/sopc_builder/bin/europa -I C:/altera/13.0sp1/quartus/sopc_builder/bin/perl_lib -I C:/altera/13.0sp1/quartus/sopc_builder/bin -I C:/altera/13.0sp1/quartus/../ip/altera/nios2_ip/altera_nios2/cpu_lib -I C:/altera/13.0sp1/quartus/../ip/altera/nios2_ip/altera_nios2/nios_lib -I C:/altera/13.0sp1/quartus/../ip/altera/nios2_ip/altera_nios2 -I C:/altera/13.0sp1/quartus/../ip/altera/nios2_ip/altera_nios2 -- C:/altera/13.0sp1/quartus/../ip/altera/nios2_ip/altera_nios2/generate_rtl.epl --name=niosII_system_nios2_qsys_0 --dir=C:/Users/Eric/AppData/Local/Temp/alt6881_1012544027810975360.dir/0034_nios2_qsys_0_gen/ --quartus_dir=C:/altera/13.0sp1/quartus --verilog --config=C:/Users/Eric/AppData/Local/Temp/alt6881_1012544027810975360.dir/0034_nios2_qsys_0_gen//niosII_system_nios2_qsys_0_processor_configuration.pl  --do_build_sim=0    --bogus  ]
Info: nios2_qsys_0: # 2016.03.21 17:59:45 (*) Starting Nios II generation
Info: nios2_qsys_0: # 2016.03.21 17:59:45 (*)   Checking for plaintext license.
Info: nios2_qsys_0: # 2016.03.21 17:59:46 (*)   Couldn't query license setup in Quartus directory C:/altera/13.0sp1/quartus
Info: nios2_qsys_0: # 2016.03.21 17:59:46 (*)   Defaulting to contents of LM_LICENSE_FILE environment variable
Info: nios2_qsys_0: # 2016.03.21 17:59:46 (*)   LM_LICENSE_FILE environment variable is empty
Info: nios2_qsys_0: # 2016.03.21 17:59:46 (*)   Plaintext license not found.
Info: nios2_qsys_0: # 2016.03.21 17:59:46 (*)   Checking for encrypted license (non-evaluation).
Info: nios2_qsys_0: # 2016.03.21 17:59:47 (*)   Couldn't query license setup in Quartus directory C:/altera/13.0sp1/quartus
Info: nios2_qsys_0: # 2016.03.21 17:59:47 (*)   Defaulting to contents of LM_LICENSE_FILE environment variable
Info: nios2_qsys_0: # 2016.03.21 17:59:47 (*)   LM_LICENSE_FILE environment variable is empty
Info: nios2_qsys_0: # 2016.03.21 17:59:47 (*)   Encrypted license not found.  Defaulting to OCP evaluation license (produces a time-limited SOF)
Info: nios2_qsys_0: # 2016.03.21 17:59:47 (*)   Elaborating CPU configuration settings
Info: nios2_qsys_0: # 2016.03.21 17:59:47 (*)   Creating all objects for CPU
Info: nios2_qsys_0: # 2016.03.21 17:59:47 (*)     Testbench
Info: nios2_qsys_0: # 2016.03.21 17:59:48 (*)     Instruction decoding
Info: nios2_qsys_0: # 2016.03.21 17:59:48 (*)       Instruction fields
Info: nios2_qsys_0: # 2016.03.21 17:59:48 (*)       Instruction decodes
Info: nios2_qsys_0: # 2016.03.21 17:59:50 (*)       Signals for RTL simulation waveforms
Info: nios2_qsys_0: # 2016.03.21 17:59:50 (*)       Instruction controls
Info: nios2_qsys_0: # 2016.03.21 17:59:50 (*)     Pipeline frontend
Info: nios2_qsys_0: # 2016.03.21 17:59:50 (*)     Pipeline backend
Info: nios2_qsys_0: # 2016.03.21 17:59:57 (*)   Generating RTL from CPU objects
Info: nios2_qsys_0: # 2016.03.21 18:00:02 (*)   Creating encrypted RTL
Info: nios2_qsys_0: # 2016.03.21 18:00:05 (*) Done Nios II generation
Info: nios2_qsys_0: Done RTL generation for module 'niosII_system_nios2_qsys_0'
Info: nios2_qsys_0: "niosII_system" instantiated altera_nios2_qsys "nios2_qsys_0"
Info: onchip_memory2_0: Starting RTL generation for module 'niosII_system_onchip_memory2_0'
Info: onchip_memory2_0:   Generation command is [exec C:/altera/13.0sp1/quartus/bin/perl/bin/perl.exe -I C:/altera/13.0sp1/quartus/common/ip/altera/common/perl/5.8.3 -I C:/altera/13.0sp1/quartus/sopc_builder/bin/europa -I C:/altera/13.0sp1/quartus/sopc_builder/bin/perl_lib -I C:/altera/13.0sp1/quartus/sopc_builder/bin -I C:/altera/13.0sp1/quartus/../ip/altera/sopc_builder_ip/common -I C:/altera/13.0sp1/quartus/../ip/altera/sopc_builder_ip/altera_avalon_onchip_memory2 -- C:/altera/13.0sp1/quartus/../ip/altera/sopc_builder_ip/altera_avalon_onchip_memory2/generate_rtl.pl --name=niosII_system_onchip_memory2_0 --dir=C:/Users/Eric/AppData/Local/Temp/alt6881_1012544027810975360.dir/0035_onchip_memory2_0_gen/ --quartus_dir=C:/altera/13.0sp1/quartus --verilog --config=C:/Users/Eric/AppData/Local/Temp/alt6881_1012544027810975360.dir/0035_onchip_memory2_0_gen//niosII_system_onchip_memory2_0_component_configuration.pl  --do_build_sim=0  ]
Info: onchip_memory2_0: Done RTL generation for module 'niosII_system_onchip_memory2_0'
Info: onchip_memory2_0: "niosII_system" instantiated altera_avalon_onchip_memory2 "onchip_memory2_0"
Info: sysid_qsys_0: "niosII_system" instantiated altera_avalon_sysid_qsys "sysid_qsys_0"
Info: jtag_uart_0: Starting RTL generation for module 'niosII_system_jtag_uart_0'
Info: jtag_uart_0:   Generation command is [exec C:/altera/13.0sp1/quartus/bin/perl/bin/perl.exe -I C:/altera/13.0sp1/quartus/common/ip/altera/common/perl/5.8.3 -I C:/altera/13.0sp1/quartus/sopc_builder/bin/europa -I C:/altera/13.0sp1/quartus/sopc_builder/bin/perl_lib -I C:/altera/13.0sp1/quartus/sopc_builder/bin -I C:/altera/13.0sp1/quartus/../ip/altera/sopc_builder_ip/common -I C:/altera/13.0sp1/quartus/../ip/altera/sopc_builder_ip/altera_avalon_jtag_uart -- C:/altera/13.0sp1/quartus/../ip/altera/sopc_builder_ip/altera_avalon_jtag_uart/generate_rtl.pl --name=niosII_system_jtag_uart_0 --dir=C:/Users/Eric/AppData/Local/Temp/alt6881_1012544027810975360.dir/0037_jtag_uart_0_gen/ --quartus_dir=C:/altera/13.0sp1/quartus --verilog --config=C:/Users/Eric/AppData/Local/Temp/alt6881_1012544027810975360.dir/0037_jtag_uart_0_gen//niosII_system_jtag_uart_0_component_configuration.pl  --do_build_sim=0  ]
Info: jtag_uart_0: Done RTL generation for module 'niosII_system_jtag_uart_0'
Info: jtag_uart_0: "niosII_system" instantiated altera_avalon_jtag_uart "jtag_uart_0"
Info: green_leds: Starting RTL generation for module 'niosII_system_green_leds'
Info: green_leds:   Generation command is [exec C:/altera/13.0sp1/quartus/bin/perl/bin/perl.exe -I C:/altera/13.0sp1/quartus/common/ip/altera/common/perl/5.8.3 -I C:/altera/13.0sp1/quartus/sopc_builder/bin/europa -I C:/altera/13.0sp1/quartus/sopc_builder/bin/perl_lib -I C:/altera/13.0sp1/quartus/sopc_builder/bin -I C:/altera/13.0sp1/quartus/../ip/altera/sopc_builder_ip/common -I C:/altera/13.0sp1/quartus/../ip/altera/sopc_builder_ip/altera_avalon_pio -- C:/altera/13.0sp1/quartus/../ip/altera/sopc_builder_ip/altera_avalon_pio/generate_rtl.pl --name=niosII_system_green_leds --dir=C:/Users/Eric/AppData/Local/Temp/alt6881_1012544027810975360.dir/0038_green_leds_gen/ --quartus_dir=C:/altera/13.0sp1/quartus --verilog --config=C:/Users/Eric/AppData/Local/Temp/alt6881_1012544027810975360.dir/0038_green_leds_gen//niosII_system_green_leds_component_configuration.pl  --do_build_sim=0  ]
Info: green_leds: Done RTL generation for module 'niosII_system_green_leds'
Info: green_leds: "niosII_system" instantiated altera_avalon_pio "green_leds"
Info: switches: Starting RTL generation for module 'niosII_system_switches'
Info: switches:   Generation command is [exec C:/altera/13.0sp1/quartus/bin/perl/bin/perl.exe -I C:/altera/13.0sp1/quartus/common/ip/altera/common/perl/5.8.3 -I C:/altera/13.0sp1/quartus/sopc_builder/bin/europa -I C:/altera/13.0sp1/quartus/sopc_builder/bin/perl_lib -I C:/altera/13.0sp1/quartus/sopc_builder/bin -I C:/altera/13.0sp1/quartus/../ip/altera/sopc_builder_ip/common -I C:/altera/13.0sp1/quartus/../ip/altera/sopc_builder_ip/altera_avalon_pio -- C:/altera/13.0sp1/quartus/../ip/altera/sopc_builder_ip/altera_avalon_pio/generate_rtl.pl --name=niosII_system_switches --dir=C:/Users/Eric/AppData/Local/Temp/alt6881_1012544027810975360.dir/0039_switches_gen/ --quartus_dir=C:/altera/13.0sp1/quartus --verilog --config=C:/Users/Eric/AppData/Local/Temp/alt6881_1012544027810975360.dir/0039_switches_gen//niosII_system_switches_component_configuration.pl  --do_build_sim=0  ]
Info: switches: Done RTL generation for module 'niosII_system_switches'
Info: switches: "niosII_system" instantiated altera_avalon_pio "switches"
Info: altpll_0: "niosII_system" instantiated altpll "altpll_0"
Info: sdram_0: Starting RTL generation for module 'niosII_system_sdram_0'
Info: sdram_0:   Generation command is [exec C:/altera/13.0sp1/quartus/bin/perl/bin/perl.exe -I C:/altera/13.0sp1/quartus/common/ip/altera/common/perl/5.8.3 -I C:/altera/13.0sp1/quartus/sopc_builder/bin/europa -I C:/altera/13.0sp1/quartus/sopc_builder/bin/perl_lib -I C:/altera/13.0sp1/quartus/sopc_builder/bin -I C:/altera/13.0sp1/quartus/../ip/altera/sopc_builder_ip/common -I C:/altera/13.0sp1/quartus/../ip/altera/sopc_builder_ip/altera_avalon_new_sdram_controller -- C:/altera/13.0sp1/quartus/../ip/altera/sopc_builder_ip/altera_avalon_new_sdram_controller/generate_rtl.pl --name=niosII_system_sdram_0 --dir=C:/Users/Eric/AppData/Local/Temp/alt6881_1012544027810975360.dir/0042_sdram_0_gen/ --quartus_dir=C:/altera/13.0sp1/quartus --verilog --config=C:/Users/Eric/AppData/Local/Temp/alt6881_1012544027810975360.dir/0042_sdram_0_gen//niosII_system_sdram_0_component_configuration.pl  --do_build_sim=0  ]
Info: sdram_0: Done RTL generation for module 'niosII_system_sdram_0'
Info: sdram_0: "niosII_system" instantiated altera_avalon_new_sdram_controller "sdram_0"
Info: sram_0: Starting Generation of SRAM or SSRAM Controller
Info: sram_0: "niosII_system" instantiated altera_up_avalon_sram "sram_0"
Info: timer_0: Starting RTL generation for module 'niosII_system_timer_0'
Info: timer_0:   Generation command is [exec C:/altera/13.0sp1/quartus/bin/perl/bin/perl.exe -I C:/altera/13.0sp1/quartus/common/ip/altera/common/perl/5.8.3 -I C:/altera/13.0sp1/quartus/sopc_builder/bin/europa -I C:/altera/13.0sp1/quartus/sopc_builder/bin/perl_lib -I C:/altera/13.0sp1/quartus/sopc_builder/bin -I C:/altera/13.0sp1/quartus/../ip/altera/sopc_builder_ip/common -I C:/altera/13.0sp1/quartus/../ip/altera/sopc_builder_ip/altera_avalon_timer -- C:/altera/13.0sp1/quartus/../ip/altera/sopc_builder_ip/altera_avalon_timer/generate_rtl.pl --name=niosII_system_timer_0 --dir=C:/Users/Eric/AppData/Local/Temp/alt6881_1012544027810975360.dir/0044_timer_0_gen/ --quartus_dir=C:/altera/13.0sp1/quartus --verilog --config=C:/Users/Eric/AppData/Local/Temp/alt6881_1012544027810975360.dir/0044_timer_0_gen//niosII_system_timer_0_component_configuration.pl  --do_build_sim=0  ]
Info: timer_0: Done RTL generation for module 'niosII_system_timer_0'
Info: timer_0: "niosII_system" instantiated altera_avalon_timer "timer_0"
Info: usb_0: Starting Generation of USB Controller
Info: usb_0: "niosII_system" instantiated altera_up_avalon_usb "usb_0"
Info: nios2_qsys_0_instruction_master_translator: "niosII_system" instantiated altera_merlin_master_translator "nios2_qsys_0_instruction_master_translator"
Info: nios2_qsys_0_jtag_debug_module_translator: "niosII_system" instantiated altera_merlin_slave_translator "nios2_qsys_0_jtag_debug_module_translator"
Info: nios2_qsys_0_instruction_master_translator_avalon_universal_master_0_agent: "niosII_system" instantiated altera_merlin_master_agent "nios2_qsys_0_instruction_master_translator_avalon_universal_master_0_agent"
Info: nios2_qsys_0_jtag_debug_module_translator_avalon_universal_slave_0_agent: "niosII_system" instantiated altera_merlin_slave_agent "nios2_qsys_0_jtag_debug_module_translator_avalon_universal_slave_0_agent"
Info: nios2_qsys_0_jtag_debug_module_translator_avalon_universal_slave_0_agent_rsp_fifo: "niosII_system" instantiated altera_avalon_sc_fifo "nios2_qsys_0_jtag_debug_module_translator_avalon_universal_slave_0_agent_rsp_fifo"
Info: addr_router: "niosII_system" instantiated altera_merlin_router "addr_router"
Info: addr_router_001: "niosII_system" instantiated altera_merlin_router "addr_router_001"
Info: id_router: "niosII_system" instantiated altera_merlin_router "id_router"
Info: id_router_001: "niosII_system" instantiated altera_merlin_router "id_router_001"
Info: id_router_004: "niosII_system" instantiated altera_merlin_router "id_router_004"
Info: limiter: "niosII_system" instantiated altera_merlin_traffic_limiter "limiter"
Info: burst_adapter: "niosII_system" instantiated altera_merlin_burst_adapter "burst_adapter"
Info: rst_controller: "niosII_system" instantiated altera_reset_controller "rst_controller"
Info: cmd_xbar_demux: "niosII_system" instantiated altera_merlin_demultiplexer "cmd_xbar_demux"
Info: cmd_xbar_demux_001: "niosII_system" instantiated altera_merlin_demultiplexer "cmd_xbar_demux_001"
Info: cmd_xbar_mux: "niosII_system" instantiated altera_merlin_multiplexer "cmd_xbar_mux"
Info: rsp_xbar_demux: "niosII_system" instantiated altera_merlin_demultiplexer "rsp_xbar_demux"
Info: rsp_xbar_demux_004: "niosII_system" instantiated altera_merlin_demultiplexer "rsp_xbar_demux_004"
Info: rsp_xbar_mux: "niosII_system" instantiated altera_merlin_multiplexer "rsp_xbar_mux"
Info: Reusing file D:/School/CapstoneECE492/git/GestureGloveCapstone/DE2Component_restored/niosII_system/synthesis/submodules/altera_merlin_arbitrator.sv
Info: rsp_xbar_mux_001: "niosII_system" instantiated altera_merlin_multiplexer "rsp_xbar_mux_001"
Info: Reusing file D:/School/CapstoneECE492/git/GestureGloveCapstone/DE2Component_restored/niosII_system/synthesis/submodules/altera_merlin_arbitrator.sv
Info: width_adapter: "niosII_system" instantiated altera_merlin_width_adapter "width_adapter"
Info: Reusing file D:/School/CapstoneECE492/git/GestureGloveCapstone/DE2Component_restored/niosII_system/synthesis/submodules/altera_merlin_address_alignment.sv
Info: Reusing file D:/School/CapstoneECE492/git/GestureGloveCapstone/DE2Component_restored/niosII_system/synthesis/submodules/altera_merlin_burst_uncompressor.sv
Info: crosser: "niosII_system" instantiated altera_avalon_st_handshake_clock_crosser "crosser"
Info: Reusing file D:/School/CapstoneECE492/git/GestureGloveCapstone/DE2Component_restored/niosII_system/synthesis/submodules/altera_avalon_st_pipeline_base.v
Info: irq_mapper: "niosII_system" instantiated altera_irq_mapper "irq_mapper"
Info: niosII_system: Done niosII_system" with 35 modules, 200 files, 4288207 bytes
Info: ip-generate succeeded.
Info: Finished: Create HDL design files for synthesis
