Info: Starting: Create block symbol file (.bsf)
Info: ip-generate --project-directory=C:/Users/Eric/Desktop/DE2Component_FLASH/ --output-directory=C:/Users/Eric/Desktop/DE2Component_FLASH/niosII_system/ --report-file=bsf:C:/Users/Eric/Desktop/DE2Component_FLASH/niosII_system.bsf --system-info=DEVICE_FAMILY="Cyclone II" --system-info=DEVICE=EP2C35F672C6 --system-info=DEVICE_SPEEDGRADE=6 --component-file=C:/Users/Eric/Desktop/DE2Component_FLASH/niosII_system.qsys
Progress: Loading DE2Component_FLASH/niosII_system.qsys
Progress: Reading input file
Progress: Adding clk_0 [clock_source 13.0]
Progress: Parameterizing module clk_0
Progress: Adding nios2_qsys_0 [altera_nios2_qsys 13.0]
Progress: Parameterizing module nios2_qsys_0
Progress: Adding onchip_memory2_0 [altera_avalon_onchip_memory2 13.0.1.99.2]
Progress: Parameterizing module onchip_memory2_0
Progress: Adding sysid_qsys_0 [altera_avalon_sysid_qsys 13.0]
Progress: Parameterizing module sysid_qsys_0
Progress: Adding jtag_uart_0 [altera_avalon_jtag_uart 13.0.1.99.2]
Progress: Parameterizing module jtag_uart_0
Progress: Adding green_leds [altera_avalon_pio 13.0.1.99.2]
Progress: Parameterizing module green_leds
Progress: Adding switches [altera_avalon_pio 13.0.1.99.2]
Progress: Parameterizing module switches
Progress: Adding altpll_0 [altpll 13.0]
Progress: Parameterizing module altpll_0
Progress: Adding sdram_0 [altera_avalon_new_sdram_controller 13.0.1.99.2]
Progress: Parameterizing module sdram_0
Progress: Adding sram_0 [altera_up_avalon_sram 13.0]
Progress: Parameterizing module sram_0
Progress: Adding timer_0 [altera_avalon_timer 13.0.1.99.2]
Progress: Parameterizing module timer_0
Progress: Adding usb_0 [altera_up_avalon_usb 13.0]
Progress: Parameterizing module usb_0
Progress: Adding rs232_0 [altera_up_avalon_rs232 13.0]
Progress: Parameterizing module rs232_0
Progress: Adding generic_tristate_controller_0 [altera_generic_tristate_controller 13.0]
Progress: Parameterizing module generic_tristate_controller_0
Progress: Adding tristate_conduit_bridge_0 [altera_tristate_conduit_bridge 13.0]
Progress: Parameterizing module tristate_conduit_bridge_0
Progress: Adding tristate_conduit_pin_sharer_0 [altera_tristate_conduit_pin_sharer 13.0]
Progress: Parameterizing module tristate_conduit_pin_sharer_0
Progress: Building connections
Progress: Parameterizing connections
Progress: Validating
Progress: Done reading input file
Info: niosII_system.sysid_qsys_0: System ID is not assigned automatically. Edit the System ID parameter to provide a unique ID
Info: niosII_system.sysid_qsys_0: Time stamp will be automatically updated when this component is generated.
Info: niosII_system.switches: PIO inputs are not hardwired in test bench. Undefined values will be read from PIO inputs during simulation.
Warning: niosII_system.generic_tristate_controller_0: Properties (isFlash,isMemoryDevice,isNonVolatileStorage) have been set on interface uas - in composed mode these are ignored
Warning: niosII_system.altpll_0: altpll_0.areset_conduit must be exported, or connected to a matching conduit.
Warning: niosII_system.altpll_0: altpll_0.locked_conduit must be exported, or connected to a matching conduit.
Warning: niosII_system.altpll_0: altpll_0.phasedone_conduit must be exported, or connected to a matching conduit.
Info: ip-generate succeeded.
Info: Finished: Create block symbol file (.bsf)
Info: 
Info: Starting: Create HDL design files for synthesis
Info: ip-generate --project-directory=C:/Users/Eric/Desktop/DE2Component_FLASH/ --output-directory=C:/Users/Eric/Desktop/DE2Component_FLASH/niosII_system/synthesis/ --file-set=QUARTUS_SYNTH --report-file=sopcinfo:C:/Users/Eric/Desktop/DE2Component_FLASH/niosII_system.sopcinfo --report-file=html:C:/Users/Eric/Desktop/DE2Component_FLASH/niosII_system.html --report-file=qip:C:/Users/Eric/Desktop/DE2Component_FLASH/niosII_system/synthesis/niosII_system.qip --report-file=cmp:C:/Users/Eric/Desktop/DE2Component_FLASH/niosII_system.cmp --report-file=svd --system-info=DEVICE_FAMILY="Cyclone II" --system-info=DEVICE=EP2C35F672C6 --system-info=DEVICE_SPEEDGRADE=6 --component-file=C:/Users/Eric/Desktop/DE2Component_FLASH/niosII_system.qsys --language=VHDL
Progress: Loading DE2Component_FLASH/niosII_system.qsys
Progress: Reading input file
Progress: Adding clk_0 [clock_source 13.0]
Progress: Parameterizing module clk_0
Progress: Adding nios2_qsys_0 [altera_nios2_qsys 13.0]
Progress: Parameterizing module nios2_qsys_0
Progress: Adding onchip_memory2_0 [altera_avalon_onchip_memory2 13.0.1.99.2]
Progress: Parameterizing module onchip_memory2_0
Progress: Adding sysid_qsys_0 [altera_avalon_sysid_qsys 13.0]
Progress: Parameterizing module sysid_qsys_0
Progress: Adding jtag_uart_0 [altera_avalon_jtag_uart 13.0.1.99.2]
Progress: Parameterizing module jtag_uart_0
Progress: Adding green_leds [altera_avalon_pio 13.0.1.99.2]
Progress: Parameterizing module green_leds
Progress: Adding switches [altera_avalon_pio 13.0.1.99.2]
Progress: Parameterizing module switches
Progress: Adding altpll_0 [altpll 13.0]
Progress: Parameterizing module altpll_0
Progress: Adding sdram_0 [altera_avalon_new_sdram_controller 13.0.1.99.2]
Progress: Parameterizing module sdram_0
Progress: Adding sram_0 [altera_up_avalon_sram 13.0]
Progress: Parameterizing module sram_0
Progress: Adding timer_0 [altera_avalon_timer 13.0.1.99.2]
Progress: Parameterizing module timer_0
Progress: Adding usb_0 [altera_up_avalon_usb 13.0]
Progress: Parameterizing module usb_0
Progress: Adding rs232_0 [altera_up_avalon_rs232 13.0]
Progress: Parameterizing module rs232_0
Progress: Adding generic_tristate_controller_0 [altera_generic_tristate_controller 13.0]
Progress: Parameterizing module generic_tristate_controller_0
Progress: Adding tristate_conduit_bridge_0 [altera_tristate_conduit_bridge 13.0]
Progress: Parameterizing module tristate_conduit_bridge_0
Progress: Adding tristate_conduit_pin_sharer_0 [altera_tristate_conduit_pin_sharer 13.0]
Progress: Parameterizing module tristate_conduit_pin_sharer_0
Progress: Building connections
Progress: Parameterizing connections
Progress: Validating
Progress: Done reading input file
Info: niosII_system.sysid_qsys_0: System ID is not assigned automatically. Edit the System ID parameter to provide a unique ID
Info: niosII_system.sysid_qsys_0: Time stamp will be automatically updated when this component is generated.
Info: niosII_system.switches: PIO inputs are not hardwired in test bench. Undefined values will be read from PIO inputs during simulation.
Warning: niosII_system.generic_tristate_controller_0: Properties (isFlash,isMemoryDevice,isNonVolatileStorage) have been set on interface uas - in composed mode these are ignored
Warning: niosII_system.altpll_0: altpll_0.areset_conduit must be exported, or connected to a matching conduit.
Warning: niosII_system.altpll_0: altpll_0.locked_conduit must be exported, or connected to a matching conduit.
Warning: niosII_system.altpll_0: altpll_0.phasedone_conduit must be exported, or connected to a matching conduit.
Info: niosII_system: Generating niosII_system "niosII_system" for QUARTUS_SYNTH
Info: pipeline_bridge_swap_transform: After transform: 16 modules, 69 connections
Info: No custom instruction connections, skipping transform 
Info: merlin_translator_transform: After transform: 31 modules, 129 connections
Info: merlin_domain_transform: After transform: 64 modules, 340 connections
Info: merlin_router_transform: After transform: 79 modules, 400 connections
Info: merlin_burst_transform: After transform: 82 modules, 412 connections
Info: reset_adaptation_transform: After transform: 84 modules, 323 connections
Info: merlin_network_to_switch_transform: After transform: 113 modules, 389 connections
Info: merlin_width_transform: After transform: 119 modules, 407 connections
Info: Inserting clock-crossing logic between cmd_xbar_demux_001.src9 and cmd_xbar_mux_009.sink0
Info: Inserting clock-crossing logic between rsp_xbar_demux_009.src0 and rsp_xbar_mux_001.sink9
Info: com_altera_sopcmodel_transforms_avalon_ClockCrossingTransform: After transform: 121 modules, 417 connections
Info: merlin_mm_transform: After transform: 121 modules, 417 connections
Info: merlin_interrupt_mapper_transform: After transform: 122 modules, 420 connections
Warning: niosII_system: "No matching role found for rst_controller:reset_out:reset_req (reset_req)"
Warning: niosII_system: "No matching role found for rst_controller:reset_out:reset_req (reset_req)"
Warning: niosII_system: "No matching role found for rst_controller:reset_out:reset_req (reset_req)"
Warning: niosII_system: "No matching role found for rst_controller:reset_out:reset_req (reset_req)"
Warning: niosII_system: "No matching role found for rst_controller:reset_out:reset_req (reset_req)"
Warning: niosII_system: "No matching role found for rst_controller:reset_out:reset_req (reset_req)"
Warning: niosII_system: "No matching role found for rst_controller:reset_out:reset_req (reset_req)"
Warning: niosII_system: "No matching role found for rst_controller:reset_out:reset_req (reset_req)"
Warning: niosII_system: "No matching role found for rst_controller:reset_out:reset_req (reset_req)"
Warning: niosII_system: "No matching role found for rst_controller:reset_out:reset_req (reset_req)"
Warning: niosII_system: "No matching role found for rst_controller:reset_out:reset_req (reset_req)"
Warning: niosII_system: "No matching role found for rst_controller:reset_out:reset_req (reset_req)"
Warning: niosII_system: "No matching role found for rst_controller:reset_out:reset_req (reset_req)"
Warning: niosII_system: "No matching role found for rst_controller:reset_out:reset_req (reset_req)"
Warning: niosII_system: "No matching role found for rst_controller:reset_out:reset_req (reset_req)"
Warning: niosII_system: "No matching role found for rst_controller:reset_out:reset_req (reset_req)"
Warning: niosII_system: "No matching role found for rst_controller:reset_out:reset_req (reset_req)"
Warning: niosII_system: "No matching role found for rst_controller:reset_out:reset_req (reset_req)"
Warning: niosII_system: "No matching role found for rst_controller:reset_out:reset_req (reset_req)"
Warning: niosII_system: "No matching role found for rst_controller:reset_out:reset_req (reset_req)"
Warning: niosII_system: "No matching role found for rst_controller:reset_out:reset_req (reset_req)"
Warning: niosII_system: "No matching role found for rst_controller:reset_out:reset_req (reset_req)"
Warning: niosII_system: "No matching role found for rst_controller:reset_out:reset_req (reset_req)"
Warning: niosII_system: "No matching role found for rst_controller:reset_out:reset_req (reset_req)"
Warning: niosII_system: "No matching role found for rst_controller:reset_out:reset_req (reset_req)"
Warning: niosII_system: "No matching role found for rst_controller:reset_out:reset_req (reset_req)"
Warning: niosII_system: "No matching role found for rst_controller:reset_out:reset_req (reset_req)"
Warning: niosII_system: "No matching role found for rst_controller:reset_out:reset_req (reset_req)"
Warning: niosII_system: "No matching role found for rst_controller:reset_out:reset_req (reset_req)"
Warning: niosII_system: "No matching role found for rst_controller:reset_out:reset_req (reset_req)"
Warning: niosII_system: "No matching role found for rst_controller:reset_out:reset_req (reset_req)"
Warning: niosII_system: "No matching role found for rst_controller:reset_out:reset_req (reset_req)"
Warning: niosII_system: "No matching role found for rst_controller:reset_out:reset_req (reset_req)"
Warning: niosII_system: "No matching role found for rst_controller:reset_out:reset_req (reset_req)"
Warning: niosII_system: "No matching role found for rst_controller:reset_out:reset_req (reset_req)"
Warning: niosII_system: "No matching role found for rst_controller:reset_out:reset_req (reset_req)"
Warning: niosII_system: "No matching role found for rst_controller:reset_out:reset_req (reset_req)"
Warning: niosII_system: "No matching role found for rst_controller:reset_out:reset_req (reset_req)"
Warning: niosII_system: "No matching role found for rst_controller:reset_out:reset_req (reset_req)"
Warning: niosII_system: "No matching role found for rst_controller:reset_out:reset_req (reset_req)"
Warning: niosII_system: "No matching role found for rst_controller:reset_out:reset_req (reset_req)"
Warning: niosII_system: "No matching role found for rst_controller:reset_out:reset_req (reset_req)"
Warning: niosII_system: "No matching role found for rst_controller:reset_out:reset_req (reset_req)"
Warning: niosII_system: "No matching role found for rst_controller:reset_out:reset_req (reset_req)"
Warning: niosII_system: "No matching role found for rst_controller:reset_out:reset_req (reset_req)"
Warning: niosII_system: "No matching role found for rst_controller:reset_out:reset_req (reset_req)"
Warning: niosII_system: "No matching role found for rst_controller:reset_out:reset_req (reset_req)"
Warning: niosII_system: "No matching role found for rst_controller:reset_out:reset_req (reset_req)"
Warning: niosII_system: "No matching role found for rst_controller:reset_out:reset_req (reset_req)"
Warning: niosII_system: "No matching role found for rst_controller:reset_out:reset_req (reset_req)"
Warning: niosII_system: "No matching role found for rst_controller:reset_out:reset_req (reset_req)"
Warning: niosII_system: "No matching role found for rst_controller:reset_out:reset_req (reset_req)"
Warning: niosII_system: "No matching role found for rst_controller:reset_out:reset_req (reset_req)"
Warning: niosII_system: "No matching role found for rst_controller:reset_out:reset_req (reset_req)"
Warning: niosII_system: "No matching role found for rst_controller:reset_out:reset_req (reset_req)"
Warning: niosII_system: "No matching role found for rst_controller:reset_out:reset_req (reset_req)"
Warning: niosII_system: "No matching role found for rst_controller:reset_out:reset_req (reset_req)"
Warning: niosII_system: "No matching role found for rst_controller:reset_out:reset_req (reset_req)"
Warning: niosII_system: "No matching role found for rst_controller:reset_out:reset_req (reset_req)"
Warning: niosII_system: "No matching role found for rst_controller:reset_out:reset_req (reset_req)"
Warning: niosII_system: "No matching role found for rst_controller:reset_out:reset_req (reset_req)"
Warning: niosII_system: "No matching role found for rst_controller:reset_out:reset_req (reset_req)"
Warning: niosII_system: "No matching role found for rst_controller:reset_out:reset_req (reset_req)"
Warning: niosII_system: "No matching role found for rst_controller:reset_out:reset_req (reset_req)"
Warning: niosII_system: "No matching role found for rst_controller:reset_out:reset_req (reset_req)"
Warning: niosII_system: "No matching role found for rst_controller:reset_out:reset_req (reset_req)"
Warning: niosII_system: "No matching role found for rst_controller:reset_out:reset_req (reset_req)"
Warning: niosII_system: "No matching role found for rst_controller:reset_out:reset_req (reset_req)"
Warning: niosII_system: "No matching role found for rst_controller:reset_out:reset_req (reset_req)"
Warning: niosII_system: "No matching role found for rst_controller:reset_out:reset_req (reset_req)"
Warning: niosII_system: "No matching role found for rst_controller:reset_out:reset_req (reset_req)"
Warning: niosII_system: "No matching role found for rst_controller:reset_out:reset_req (reset_req)"
Warning: niosII_system: "No matching role found for rst_controller:reset_out:reset_req (reset_req)"
Warning: niosII_system: "No matching role found for rst_controller:reset_out:reset_req (reset_req)"
Warning: niosII_system: "No matching role found for rst_controller:reset_out:reset_req (reset_req)"
Warning: niosII_system: "No matching role found for rst_controller:reset_out:reset_req (reset_req)"
Warning: niosII_system: "No matching role found for rst_controller:reset_out:reset_req (reset_req)"
Warning: niosII_system: "No matching role found for rst_controller:reset_out:reset_req (reset_req)"
Warning: niosII_system: "No matching role found for rst_controller:reset_out:reset_req (reset_req)"
Warning: niosII_system: "No matching role found for rst_controller:reset_out:reset_req (reset_req)"
Warning: niosII_system: "No matching role found for rst_controller:reset_out:reset_req (reset_req)"
Warning: niosII_system: "No matching role found for rst_controller:reset_out:reset_req (reset_req)"
Warning: niosII_system: "No matching role found for rst_controller:reset_out:reset_req (reset_req)"
Warning: niosII_system: "No matching role found for rst_controller:reset_out:reset_req (reset_req)"
Warning: niosII_system: "No matching role found for rst_controller:reset_out:reset_req (reset_req)"
Warning: niosII_system: "No matching role found for rst_controller:reset_out:reset_req (reset_req)"
Warning: niosII_system: "No matching role found for rst_controller:reset_out:reset_req (reset_req)"
Warning: niosII_system: "No matching role found for rst_controller:reset_out:reset_req (reset_req)"
Warning: niosII_system: "No matching role found for rst_controller:reset_out:reset_req (reset_req)"
Warning: niosII_system: "No matching role found for rst_controller:reset_out:reset_req (reset_req)"
Warning: niosII_system: "No matching role found for rst_controller:reset_out:reset_req (reset_req)"
Warning: niosII_system: "No matching role found for rst_controller:reset_out:reset_req (reset_req)"
Warning: niosII_system: "No matching role found for rst_controller:reset_out:reset_req (reset_req)"
Warning: niosII_system: "No matching role found for rst_controller:reset_out:reset_req (reset_req)"
Warning: niosII_system: "No matching role found for rst_controller:reset_out:reset_req (reset_req)"
Warning: niosII_system: "No matching role found for rst_controller:reset_out:reset_req (reset_req)"
Warning: niosII_system: "No matching role found for rst_controller:reset_out:reset_req (reset_req)"
Warning: niosII_system: "No matching role found for rst_controller:reset_out:reset_req (reset_req)"
Warning: niosII_system: "No matching role found for rst_controller:reset_out:reset_req (reset_req)"
Warning: niosII_system: "No matching role found for rst_controller:reset_out:reset_req (reset_req)"
Warning: niosII_system: "No matching role found for rst_controller:reset_out:reset_req (reset_req)"
Warning: niosII_system: "No matching role found for rst_controller:reset_out:reset_req (reset_req)"
Warning: niosII_system: "No matching role found for rst_controller:reset_out:reset_req (reset_req)"
Warning: niosII_system: "No matching role found for rst_controller:reset_out:reset_req (reset_req)"
Warning: niosII_system: "No matching role found for rst_controller:reset_out:reset_req (reset_req)"
Warning: niosII_system: "No matching role found for rst_controller:reset_out:reset_req (reset_req)"
Warning: niosII_system: "No matching role found for rst_controller:reset_out:reset_req (reset_req)"
Warning: niosII_system: "No matching role found for rst_controller:reset_out:reset_req (reset_req)"
Warning: niosII_system: "No matching role found for rst_controller:reset_out:reset_req (reset_req)"
Warning: niosII_system: "No matching role found for rst_controller:reset_out:reset_req (reset_req)"
Info: nios2_qsys_0: Starting RTL generation for module 'niosII_system_nios2_qsys_0'
Info: nios2_qsys_0:   Generation command is [exec C:/altera/13.0sp1/quartus/../ip/altera/nios2_ip/altera_nios2/eperl.exe -I C:/altera/13.0sp1/quartus/common/ip/altera/common/perl/5.8.3 -I C:/altera/13.0sp1/quartus/sopc_builder/bin/europa -I C:/altera/13.0sp1/quartus/sopc_builder/bin/perl_lib -I C:/altera/13.0sp1/quartus/sopc_builder/bin -I C:/altera/13.0sp1/quartus/../ip/altera/nios2_ip/altera_nios2/cpu_lib -I C:/altera/13.0sp1/quartus/../ip/altera/nios2_ip/altera_nios2/nios_lib -I C:/altera/13.0sp1/quartus/../ip/altera/nios2_ip/altera_nios2 -I C:/altera/13.0sp1/quartus/../ip/altera/nios2_ip/altera_nios2 -- C:/altera/13.0sp1/quartus/../ip/altera/nios2_ip/altera_nios2/generate_rtl.epl --name=niosII_system_nios2_qsys_0 --dir=C:/Users/Eric/AppData/Local/Temp/alt6898_3919803636702700635.dir/0001_nios2_qsys_0_gen/ --quartus_dir=C:/altera/13.0sp1/quartus --verilog --config=C:/Users/Eric/AppData/Local/Temp/alt6898_3919803636702700635.dir/0001_nios2_qsys_0_gen//niosII_system_nios2_qsys_0_processor_configuration.pl  --do_build_sim=0    --bogus  ]
Info: nios2_qsys_0: # 2016.04.06 20:26:26 (*) Starting Nios II generation
Info: nios2_qsys_0: # 2016.04.06 20:26:26 (*)   Checking for plaintext license.
Info: nios2_qsys_0: # 2016.04.06 20:26:27 (*)   Couldn't query license setup in Quartus directory C:/altera/13.0sp1/quartus
Info: nios2_qsys_0: # 2016.04.06 20:26:27 (*)   Defaulting to contents of LM_LICENSE_FILE environment variable
Info: nios2_qsys_0: # 2016.04.06 20:26:27 (*)   LM_LICENSE_FILE environment variable is empty
Info: nios2_qsys_0: # 2016.04.06 20:26:27 (*)   Plaintext license not found.
Info: nios2_qsys_0: # 2016.04.06 20:26:27 (*)   No license required to generate encrypted Nios II/e.
Info: nios2_qsys_0: # 2016.04.06 20:26:27 (*)   Elaborating CPU configuration settings
Info: nios2_qsys_0: # 2016.04.06 20:26:27 (*)   Creating all objects for CPU
Info: nios2_qsys_0: # 2016.04.06 20:26:29 (*)   Generating RTL from CPU objects
Info: nios2_qsys_0: # 2016.04.06 20:26:29 (*)   Creating plain-text RTL
Info: nios2_qsys_0: # 2016.04.06 20:26:33 (*) Done Nios II generation
Info: nios2_qsys_0: Done RTL generation for module 'niosII_system_nios2_qsys_0'
Info: nios2_qsys_0: "niosII_system" instantiated altera_nios2_qsys "nios2_qsys_0"
Info: onchip_memory2_0: Starting RTL generation for module 'niosII_system_onchip_memory2_0'
Info: onchip_memory2_0:   Generation command is [exec C:/altera/13.0sp1/quartus/bin/perl/bin/perl.exe -I C:/altera/13.0sp1/quartus/common/ip/altera/common/perl/5.8.3 -I C:/altera/13.0sp1/quartus/sopc_builder/bin/europa -I C:/altera/13.0sp1/quartus/sopc_builder/bin/perl_lib -I C:/altera/13.0sp1/quartus/sopc_builder/bin -I C:/altera/13.0sp1/quartus/../ip/altera/sopc_builder_ip/common -I C:/altera/13.0sp1/quartus/../ip/altera/sopc_builder_ip/altera_avalon_onchip_memory2 -- C:/altera/13.0sp1/quartus/../ip/altera/sopc_builder_ip/altera_avalon_onchip_memory2/generate_rtl.pl --name=niosII_system_onchip_memory2_0 --dir=C:/Users/Eric/AppData/Local/Temp/alt6898_3919803636702700635.dir/0002_onchip_memory2_0_gen/ --quartus_dir=C:/altera/13.0sp1/quartus --verilog --config=C:/Users/Eric/AppData/Local/Temp/alt6898_3919803636702700635.dir/0002_onchip_memory2_0_gen//niosII_system_onchip_memory2_0_component_configuration.pl  --do_build_sim=0  ]
Info: onchip_memory2_0: Done RTL generation for module 'niosII_system_onchip_memory2_0'
Info: onchip_memory2_0: "niosII_system" instantiated altera_avalon_onchip_memory2 "onchip_memory2_0"
Info: sysid_qsys_0: "niosII_system" instantiated altera_avalon_sysid_qsys "sysid_qsys_0"
Info: jtag_uart_0: Starting RTL generation for module 'niosII_system_jtag_uart_0'
Info: jtag_uart_0:   Generation command is [exec C:/altera/13.0sp1/quartus/bin/perl/bin/perl.exe -I C:/altera/13.0sp1/quartus/common/ip/altera/common/perl/5.8.3 -I C:/altera/13.0sp1/quartus/sopc_builder/bin/europa -I C:/altera/13.0sp1/quartus/sopc_builder/bin/perl_lib -I C:/altera/13.0sp1/quartus/sopc_builder/bin -I C:/altera/13.0sp1/quartus/../ip/altera/sopc_builder_ip/common -I C:/altera/13.0sp1/quartus/../ip/altera/sopc_builder_ip/altera_avalon_jtag_uart -- C:/altera/13.0sp1/quartus/../ip/altera/sopc_builder_ip/altera_avalon_jtag_uart/generate_rtl.pl --name=niosII_system_jtag_uart_0 --dir=C:/Users/Eric/AppData/Local/Temp/alt6898_3919803636702700635.dir/0004_jtag_uart_0_gen/ --quartus_dir=C:/altera/13.0sp1/quartus --verilog --config=C:/Users/Eric/AppData/Local/Temp/alt6898_3919803636702700635.dir/0004_jtag_uart_0_gen//niosII_system_jtag_uart_0_component_configuration.pl  --do_build_sim=0  ]
Info: jtag_uart_0: Done RTL generation for module 'niosII_system_jtag_uart_0'
Info: jtag_uart_0: "niosII_system" instantiated altera_avalon_jtag_uart "jtag_uart_0"
Info: green_leds: Starting RTL generation for module 'niosII_system_green_leds'
Info: green_leds:   Generation command is [exec C:/altera/13.0sp1/quartus/bin/perl/bin/perl.exe -I C:/altera/13.0sp1/quartus/common/ip/altera/common/perl/5.8.3 -I C:/altera/13.0sp1/quartus/sopc_builder/bin/europa -I C:/altera/13.0sp1/quartus/sopc_builder/bin/perl_lib -I C:/altera/13.0sp1/quartus/sopc_builder/bin -I C:/altera/13.0sp1/quartus/../ip/altera/sopc_builder_ip/common -I C:/altera/13.0sp1/quartus/../ip/altera/sopc_builder_ip/altera_avalon_pio -- C:/altera/13.0sp1/quartus/../ip/altera/sopc_builder_ip/altera_avalon_pio/generate_rtl.pl --name=niosII_system_green_leds --dir=C:/Users/Eric/AppData/Local/Temp/alt6898_3919803636702700635.dir/0005_green_leds_gen/ --quartus_dir=C:/altera/13.0sp1/quartus --verilog --config=C:/Users/Eric/AppData/Local/Temp/alt6898_3919803636702700635.dir/0005_green_leds_gen//niosII_system_green_leds_component_configuration.pl  --do_build_sim=0  ]
Info: green_leds: Done RTL generation for module 'niosII_system_green_leds'
Info: green_leds: "niosII_system" instantiated altera_avalon_pio "green_leds"
Info: switches: Starting RTL generation for module 'niosII_system_switches'
Info: switches:   Generation command is [exec C:/altera/13.0sp1/quartus/bin/perl/bin/perl.exe -I C:/altera/13.0sp1/quartus/common/ip/altera/common/perl/5.8.3 -I C:/altera/13.0sp1/quartus/sopc_builder/bin/europa -I C:/altera/13.0sp1/quartus/sopc_builder/bin/perl_lib -I C:/altera/13.0sp1/quartus/sopc_builder/bin -I C:/altera/13.0sp1/quartus/../ip/altera/sopc_builder_ip/common -I C:/altera/13.0sp1/quartus/../ip/altera/sopc_builder_ip/altera_avalon_pio -- C:/altera/13.0sp1/quartus/../ip/altera/sopc_builder_ip/altera_avalon_pio/generate_rtl.pl --name=niosII_system_switches --dir=C:/Users/Eric/AppData/Local/Temp/alt6898_3919803636702700635.dir/0006_switches_gen/ --quartus_dir=C:/altera/13.0sp1/quartus --verilog --config=C:/Users/Eric/AppData/Local/Temp/alt6898_3919803636702700635.dir/0006_switches_gen//niosII_system_switches_component_configuration.pl  --do_build_sim=0  ]
Info: switches: Done RTL generation for module 'niosII_system_switches'
Info: switches: "niosII_system" instantiated altera_avalon_pio "switches"
Info: altpll_0: "niosII_system" instantiated altpll "altpll_0"
Info: sdram_0: Starting RTL generation for module 'niosII_system_sdram_0'
Info: sdram_0:   Generation command is [exec C:/altera/13.0sp1/quartus/bin/perl/bin/perl.exe -I C:/altera/13.0sp1/quartus/common/ip/altera/common/perl/5.8.3 -I C:/altera/13.0sp1/quartus/sopc_builder/bin/europa -I C:/altera/13.0sp1/quartus/sopc_builder/bin/perl_lib -I C:/altera/13.0sp1/quartus/sopc_builder/bin -I C:/altera/13.0sp1/quartus/../ip/altera/sopc_builder_ip/common -I C:/altera/13.0sp1/quartus/../ip/altera/sopc_builder_ip/altera_avalon_new_sdram_controller -- C:/altera/13.0sp1/quartus/../ip/altera/sopc_builder_ip/altera_avalon_new_sdram_controller/generate_rtl.pl --name=niosII_system_sdram_0 --dir=C:/Users/Eric/AppData/Local/Temp/alt6898_3919803636702700635.dir/0009_sdram_0_gen/ --quartus_dir=C:/altera/13.0sp1/quartus --verilog --config=C:/Users/Eric/AppData/Local/Temp/alt6898_3919803636702700635.dir/0009_sdram_0_gen//niosII_system_sdram_0_component_configuration.pl  --do_build_sim=0  ]
Info: sdram_0: Done RTL generation for module 'niosII_system_sdram_0'
Info: sdram_0: "niosII_system" instantiated altera_avalon_new_sdram_controller "sdram_0"
Info: sram_0: Starting Generation of SRAM or SSRAM Controller
Info: sram_0: "niosII_system" instantiated altera_up_avalon_sram "sram_0"
Info: timer_0: Starting RTL generation for module 'niosII_system_timer_0'
Info: timer_0:   Generation command is [exec C:/altera/13.0sp1/quartus/bin/perl/bin/perl.exe -I C:/altera/13.0sp1/quartus/common/ip/altera/common/perl/5.8.3 -I C:/altera/13.0sp1/quartus/sopc_builder/bin/europa -I C:/altera/13.0sp1/quartus/sopc_builder/bin/perl_lib -I C:/altera/13.0sp1/quartus/sopc_builder/bin -I C:/altera/13.0sp1/quartus/../ip/altera/sopc_builder_ip/common -I C:/altera/13.0sp1/quartus/../ip/altera/sopc_builder_ip/altera_avalon_timer -- C:/altera/13.0sp1/quartus/../ip/altera/sopc_builder_ip/altera_avalon_timer/generate_rtl.pl --name=niosII_system_timer_0 --dir=C:/Users/Eric/AppData/Local/Temp/alt6898_3919803636702700635.dir/0011_timer_0_gen/ --quartus_dir=C:/altera/13.0sp1/quartus --verilog --config=C:/Users/Eric/AppData/Local/Temp/alt6898_3919803636702700635.dir/0011_timer_0_gen//niosII_system_timer_0_component_configuration.pl  --do_build_sim=0  ]
Info: timer_0: Done RTL generation for module 'niosII_system_timer_0'
Info: timer_0: "niosII_system" instantiated altera_avalon_timer "timer_0"
Info: usb_0: Starting Generation of USB Controller
Info: usb_0: "niosII_system" instantiated altera_up_avalon_usb "usb_0"
Info: rs232_0: Starting Generation of RS232 UART
Info: rs232_0: "niosII_system" instantiated altera_up_avalon_rs232 "rs232_0"
Info: pipeline_bridge_swap_transform: After transform: 5 modules, 10 connections
Info: No custom instruction connections, skipping transform 
Info: merlin_translator_transform: After transform: 5 modules, 10 connections
Info: generic_tristate_controller_0: "niosII_system" instantiated altera_generic_tristate_controller "generic_tristate_controller_0"
Info: tristate_conduit_bridge_0: "niosII_system" instantiated altera_tristate_conduit_bridge "tristate_conduit_bridge_0"
Info: pipeline_bridge_swap_transform: After transform: 4 modules, 7 connections
Info: No custom instruction connections, skipping transform 
Info: No Avalon connections, skipping transform 
Info: merlin_translator_transform: After transform: 4 modules, 7 connections
Info: tristate_conduit_pin_sharer_0: "niosII_system" instantiated altera_tristate_conduit_pin_sharer "tristate_conduit_pin_sharer_0"
Info: nios2_qsys_0_instruction_master_translator: "niosII_system" instantiated altera_merlin_master_translator "nios2_qsys_0_instruction_master_translator"
Info: nios2_qsys_0_jtag_debug_module_translator: "niosII_system" instantiated altera_merlin_slave_translator "nios2_qsys_0_jtag_debug_module_translator"
Info: nios2_qsys_0_instruction_master_translator_avalon_universal_master_0_agent: "niosII_system" instantiated altera_merlin_master_agent "nios2_qsys_0_instruction_master_translator_avalon_universal_master_0_agent"
Info: nios2_qsys_0_jtag_debug_module_translator_avalon_universal_slave_0_agent: "niosII_system" instantiated altera_merlin_slave_agent "nios2_qsys_0_jtag_debug_module_translator_avalon_universal_slave_0_agent"
Info: nios2_qsys_0_jtag_debug_module_translator_avalon_universal_slave_0_agent_rsp_fifo: "niosII_system" instantiated altera_avalon_sc_fifo "nios2_qsys_0_jtag_debug_module_translator_avalon_universal_slave_0_agent_rsp_fifo"
Info: addr_router: "niosII_system" instantiated altera_merlin_router "addr_router"
Info: addr_router_001: "niosII_system" instantiated altera_merlin_router "addr_router_001"
Info: id_router: "niosII_system" instantiated altera_merlin_router "id_router"
Info: id_router_001: "niosII_system" instantiated altera_merlin_router "id_router_001"
Info: id_router_004: "niosII_system" instantiated altera_merlin_router "id_router_004"
Info: id_router_005: "niosII_system" instantiated altera_merlin_router "id_router_005"
Info: burst_adapter: "niosII_system" instantiated altera_merlin_burst_adapter "burst_adapter"
Info: rst_controller: "niosII_system" instantiated altera_reset_controller "rst_controller"
Info: cmd_xbar_demux: "niosII_system" instantiated altera_merlin_demultiplexer "cmd_xbar_demux"
Info: cmd_xbar_demux_001: "niosII_system" instantiated altera_merlin_demultiplexer "cmd_xbar_demux_001"
Info: cmd_xbar_mux: "niosII_system" instantiated altera_merlin_multiplexer "cmd_xbar_mux"
Info: rsp_xbar_demux: "niosII_system" instantiated altera_merlin_demultiplexer "rsp_xbar_demux"
Info: rsp_xbar_demux_005: "niosII_system" instantiated altera_merlin_demultiplexer "rsp_xbar_demux_005"
Info: rsp_xbar_mux: "niosII_system" instantiated altera_merlin_multiplexer "rsp_xbar_mux"
Info: Reusing file C:/Users/Eric/Desktop/DE2Component_FLASH/niosII_system/synthesis/submodules/altera_merlin_arbitrator.sv
Info: rsp_xbar_mux_001: "niosII_system" instantiated altera_merlin_multiplexer "rsp_xbar_mux_001"
Info: Reusing file C:/Users/Eric/Desktop/DE2Component_FLASH/niosII_system/synthesis/submodules/altera_merlin_arbitrator.sv
Info: width_adapter: "niosII_system" instantiated altera_merlin_width_adapter "width_adapter"
Info: Reusing file C:/Users/Eric/Desktop/DE2Component_FLASH/niosII_system/synthesis/submodules/altera_merlin_address_alignment.sv
Info: Reusing file C:/Users/Eric/Desktop/DE2Component_FLASH/niosII_system/synthesis/submodules/altera_merlin_burst_uncompressor.sv
Info: crosser: "niosII_system" instantiated altera_avalon_st_handshake_clock_crosser "crosser"
Info: irq_mapper: "niosII_system" instantiated altera_irq_mapper "irq_mapper"
Info: tdt: "generic_tristate_controller_0" instantiated altera_tristate_controller_translator "tdt"
Info: tda: "generic_tristate_controller_0" instantiated altera_tristate_controller_aggregator "tda"
Info: pin_sharer: "tristate_conduit_pin_sharer_0" instantiated altera_tristate_conduit_pin_sharer_core "pin_sharer"
Info: arbiter: "tristate_conduit_pin_sharer_0" instantiated altera_merlin_std_arbitrator "arbiter"
Info: niosII_system: Done niosII_system" with 43 modules, 254 files, 5318472 bytes
Info: ip-generate succeeded.
Info: Finished: Create HDL design files for synthesis
